{"synthetic": false,
 "schemaVersion": "2025-09-10",
 "outputs":
 {"o": ["b43646758b6c8a4a.olean"],
  "i": "2e8584cead77982d.ilean",
  "c": "ea2274c4bccd6845.c"},
 "log":
 [{"message":
   ".> LEAN_PATH=/home/poig/project/physical-laws-of-form/.lake/build/lib/lean /home/poig/.elan/toolchains/leanprover--lean4---v4.27.0-rc1/bin/lean /home/poig/project/physical-laws-of-form/Main.lean -o /home/poig/project/physical-laws-of-form/.lake/build/lib/lean/Main.olean -i /home/poig/project/physical-laws-of-form/.lake/build/lib/lean/Main.ilean -c /home/poig/project/physical-laws-of-form/.lake/build/ir/Main.c --setup /home/poig/project/physical-laws-of-form/.lake/build/ir/Main.setup.json --json",
   "level": "trace"}],
 "inputs":
 [["Main:deps",
   [["deps",
     [["«physical-laws-of-form»/«physical-laws-of-form»:extraDep",
       [["@«physical-laws-of-form»:extraDep", "00000000000006bb"]]],
      ["imports", "00000000000006bb"]]],
    ["libs",
     [["import dynlibs", "00000000000006bb"],
      ["package external libraries", "00000000000006bb"],
      ["module dynlibs", "00000000000006bb"],
      ["module plugins", "00000000000006bb"]]]]],
  ["Lean 4.27.0, commit 2fcce7258eeb6e324366bc25f9058293b04b7547",
   "6f43b597efea5d4c"],
  ["/home/poig/project/physical-laws-of-form/Main.lean", "846efc2726533d07"],
  ["options", "00000000000006bb"],
  ["Module.leanArgs: #[]", "00000000000006bb"]],
 "depHash": "ddf73a551f1ad664"}