{"synthetic": false,
 "schemaVersion": "2025-09-10",
 "outputs":
 {"o": ["634f59206abca3db.olean"],
  "i": "5d5a5f86ebee6c46.ilean",
  "c": "1e16dc559a4ad41a.c"},
 "log":
 [{"message":
   ".> LEAN_PATH=/home/poig/project/physical-laws-of-form/.lake/build/lib/lean /home/poig/.elan/toolchains/leanprover--lean4---v4.27.0-rc1/bin/lean /home/poig/project/physical-laws-of-form/PhysicalLoF.lean -o /home/poig/project/physical-laws-of-form/.lake/build/lib/lean/PhysicalLoF.olean -i /home/poig/project/physical-laws-of-form/.lake/build/lib/lean/PhysicalLoF.ilean -c /home/poig/project/physical-laws-of-form/.lake/build/ir/PhysicalLoF.c --setup /home/poig/project/physical-laws-of-form/.lake/build/ir/PhysicalLoF.setup.json --json",
   "level": "trace"}],
 "inputs":
 [["PhysicalLoF:deps",
   [["deps",
     [["«physical-laws-of-form»/PhysicalLoF:extraDep",
       [["@«physical-laws-of-form»:extraDep", "00000000000006bb"]]],
      ["imports",
       [["PhysicalLoF.Foundations.Distinction transitive imports (legacy)",
         "00000000000006bb"],
        ["PhysicalLoF.Foundations.Distinction:importAllArts",
         "6691c2f19d7f25f2"],
        ["PhysicalLoF.Foundations.Collapse transitive imports (legacy)",
         "2ce2e01f59ed62ca"],
        ["PhysicalLoF.Foundations.Collapse:importAllArts", "30588df512311137"],
        ["PhysicalLoF.Foundations.Existence transitive imports (legacy)",
         "36a7db2f6d39c1f0"],
        ["PhysicalLoF.Foundations.Existence:importAllArts",
         "e16b2a70540fc64e"]]]]],
    ["libs",
     [["import dynlibs", "00000000000006bb"],
      ["package external libraries", "00000000000006bb"],
      ["module dynlibs", "00000000000006bb"],
      ["module plugins", "00000000000006bb"]]]]],
  ["Lean 4.27.0, commit 2fcce7258eeb6e324366bc25f9058293b04b7547",
   "6f43b597efea5d4c"],
  ["/home/poig/project/physical-laws-of-form/PhysicalLoF.lean",
   "0595043beb8c0359"],
  ["options", "00000000000006bb"],
  ["Module.leanArgs: #[]", "00000000000006bb"]],
 "depHash": "0a16c72ff223ef18"}