{"synthetic": false,
 "schemaVersion": "2025-09-10",
 "outputs":
 {"o": ["afda62a4e2dea11d.olean"],
  "i": "25e8d4e8a20cc748.ilean",
  "c": "b4256ad6d60319b3.c"},
 "log":
 [{"message":
   ".> LEAN_PATH=/home/poig/project/physical-laws-of-form/.lake/build/lib/lean /home/poig/.elan/toolchains/leanprover--lean4---v4.27.0-rc1/bin/lean /home/poig/project/physical-laws-of-form/PhysicalLoF/Foundations/Collapse.lean -o /home/poig/project/physical-laws-of-form/.lake/build/lib/lean/PhysicalLoF/Foundations/Collapse.olean -i /home/poig/project/physical-laws-of-form/.lake/build/lib/lean/PhysicalLoF/Foundations/Collapse.ilean -c /home/poig/project/physical-laws-of-form/.lake/build/ir/PhysicalLoF/Foundations/Collapse.c --setup /home/poig/project/physical-laws-of-form/.lake/build/ir/PhysicalLoF/Foundations/Collapse.setup.json --json",
   "level": "trace"}],
 "inputs":
 [["PhysicalLoF.Foundations.Collapse:deps",
   [["deps",
     [["«physical-laws-of-form»/PhysicalLoF:extraDep",
       [["@«physical-laws-of-form»:extraDep", "00000000000006bb"]]],
      ["imports",
       [["PhysicalLoF.Foundations.Distinction transitive imports (legacy)",
         "00000000000006bb"],
        ["PhysicalLoF.Foundations.Distinction:importAllArts",
         "6691c2f19d7f25f2"]]]]],
    ["libs",
     [["import dynlibs", "00000000000006bb"],
      ["package external libraries", "00000000000006bb"],
      ["module dynlibs", "00000000000006bb"],
      ["module plugins", "00000000000006bb"]]]]],
  ["Lean 4.27.0, commit 2fcce7258eeb6e324366bc25f9058293b04b7547",
   "6f43b597efea5d4c"],
  ["/home/poig/project/physical-laws-of-form/PhysicalLoF/Foundations/Collapse.lean",
   "4825582db6ae9194"],
  ["options", "00000000000006bb"],
  ["Module.leanArgs: #[]", "00000000000006bb"]],
 "depHash": "f44bb3031b698059"}