{"synthetic": false,
 "schemaVersion": "2025-09-10",
 "outputs":
 {"o": ["6094faac1c1ad98c.olean"],
  "i": "8df8bf6d162be647.ilean",
  "c": "01220c15afb5b04c.c"},
 "log":
 [{"message":
   ".> LEAN_PATH=/home/poig/project/physical-laws-of-form/.lake/build/lib/lean /home/poig/.elan/toolchains/leanprover--lean4---v4.27.0-rc1/bin/lean /home/poig/project/physical-laws-of-form/PhysicalLoF/Foundations/Existence.lean -o /home/poig/project/physical-laws-of-form/.lake/build/lib/lean/PhysicalLoF/Foundations/Existence.olean -i /home/poig/project/physical-laws-of-form/.lake/build/lib/lean/PhysicalLoF/Foundations/Existence.ilean -c /home/poig/project/physical-laws-of-form/.lake/build/ir/PhysicalLoF/Foundations/Existence.c --setup /home/poig/project/physical-laws-of-form/.lake/build/ir/PhysicalLoF/Foundations/Existence.setup.json --json",
   "level": "trace"}],
 "inputs":
 [["PhysicalLoF.Foundations.Existence:deps",
   [["deps",
     [["«physical-laws-of-form»/PhysicalLoF:extraDep",
       [["@«physical-laws-of-form»:extraDep", "00000000000006bb"]]],
      ["imports",
       [["PhysicalLoF.Foundations.Distinction transitive imports (legacy)",
         "00000000000006bb"],
        ["PhysicalLoF.Foundations.Distinction:importAllArts",
         "6691c2f19d7f25f2"],
        ["PhysicalLoF.Foundations.Collapse transitive imports (legacy)",
         "2ce2e01f59ed62ca"],
        ["PhysicalLoF.Foundations.Collapse:importAllArts",
         "30588df512311137"]]]]],
    ["libs",
     [["import dynlibs", "00000000000006bb"],
      ["package external libraries", "00000000000006bb"],
      ["module dynlibs", "00000000000006bb"],
      ["module plugins", "00000000000006bb"]]]]],
  ["Lean 4.27.0, commit 2fcce7258eeb6e324366bc25f9058293b04b7547",
   "6f43b597efea5d4c"],
  ["/home/poig/project/physical-laws-of-form/PhysicalLoF/Foundations/Existence.lean",
   "9131e7919d913b62"],
  ["options", "00000000000006bb"],
  ["Module.leanArgs: #[]", "00000000000006bb"]],
 "depHash": "022a3bb33fae59f0"}